  BulletTowardPlayer.cpp
BulletTowardPlayer.cpp(32): warning C4244: '引数': 'double' から 'int' への変換です。データが失われる可能性があります。
  Coin.cpp
Coin.cpp(54): warning C4244: '引数': 'double' から 'int' への変換です。データが失われる可能性があります。
  FallWall.cpp
FallWall.cpp(49): warning C4244: '=': 'double' から 'int' への変換です。データが失われる可能性があります。
FallWall.cpp(66): warning C4244: '+=': 'double' から 'int' への変換です。データが失われる可能性があります。
FallWall.cpp(135): warning C4244: '引数': 'double' から 'int' への変換です。データが失われる可能性があります。
FallWall.cpp(136): warning C4244: '引数': 'double' から 'int' への変換です。データが失われる可能性があります。
  Fence.cpp
Fence.cpp(25): warning C4244: '引数': 'double' から 'int' への変換です。データが失われる可能性があります。
  FireBall.cpp
FireBall.cpp(56): warning C4244: '引数': 'double' から 'int' への変換です。データが失われる可能性があります。
  FireBar.cpp
FireBar.cpp(20): warning C4244: '引数': 'double' から 'int' への変換です。データが失われる可能性があります。
FireBar.cpp(25): warning C4244: '引数': 'double' から 'int' への変換です。データが失われる可能性があります。
FireBar.cpp(51): warning C4244: '引数': 'double' から 'int' への変換です。データが失われる可能性があります。
FireBar.cpp(56): warning C4244: '引数': 'double' から 'int' への変換です。データが失われる可能性があります。
FireBar.cpp(80): warning C4244: '引数': 'double' から 'int' への変換です。データが失われる可能性があります。
FireBar.cpp(85): warning C4244: '引数': 'double' から 'int' への変換です。データが失われる可能性があります。
FireBar.cpp(109): warning C4244: '引数': 'double' から 'int' への変換です。データが失われる可能性があります。
FireBar.cpp(114): warning C4244: '引数': 'double' から 'int' への変換です。データが失われる可能性があります。
FireBar.cpp(138): warning C4244: '引数': 'double' から 'int' への変換です。データが失われる可能性があります。
FireBar.cpp(143): warning C4244: '引数': 'double' から 'int' への変換です。データが失われる可能性があります。
FireBar.cpp(170): warning C4244: '引数': 'double' から 'int' への変換です。データが失われる可能性があります。
FireBar.cpp(176): warning C4244: '引数': 'double' から 'int' への変換です。データが失われる可能性があります。
FireBar.cpp(194): warning C4244: '引数': 'double' から 'int' への変換です。データが失われる可能性があります。
  FlashBlock.cpp
FlashBlock.cpp(49): warning C4244: '引数': 'double' から 'int' への変換です。データが失われる可能性があります。
  Ghost.cpp
Ghost.cpp(68): warning C4244: '-=': 'double' から 'int' への変換です。データが失われる可能性があります。
Ghost.cpp(77): warning C4244: '+=': 'double' から 'int' への変換です。データが失われる可能性があります。
Ghost.cpp(98): warning C4244: '引数': 'double' から 'int' への変換です。データが失われる可能性があります。
  Hanmer.cpp
Hanmer.cpp(40): warning C4244: '引数': 'double' から 'int' への変換です。データが失われる可能性があります。
  HanmerThrow.cpp
HanmerThrow.cpp(153): warning C4244: '引数': 'double' から 'int' への変換です。データが失われる可能性があります。
HanmerThrow.cpp(155): warning C4244: '引数': 'double' から 'int' への変換です。データが失われる可能性があります。
  Jump.cpp
Jump.cpp(47): warning C4244: '引数': 'double' から 'int' への変換です。データが失われる可能性があります。
Jump.cpp(68): warning C4244: '-=': 'double' から 'int' への変換です。データが失われる可能性があります。
Jump.cpp(75): warning C4244: '+=': 'double' から 'int' への変換です。データが失われる可能性があります。
  Lift.cpp
Lift.cpp(47): warning C4244: '引数': 'double' から 'int' への変換です。データが失われる可能性があります。
Lift.cpp(50): warning C4244: '引数': 'double' から 'int' への変換です。データが失われる可能性があります。
  Map.cpp
  Mob.cpp
  Object.cpp
  Player.cpp
Player.cpp(178): warning C4244: '+=': 'double' から 'int' への変換です。データが失われる可能性があります。
Player.cpp(333): warning C4244: '初期化中': 'double' から 'int' への変換です。データが失われる可能性があります。
  Rope.cpp
Rope.cpp(153): warning C4244: '引数': 'double' から 'int' への変換です。データが失われる可能性があります。
Rope.cpp(155): warning C4244: '引数': 'double' から 'int' への変換です。データが失われる可能性があります。
  ShootEnemy.cpp
ShootEnemy.cpp(37): warning C4244: '+=': 'double' から 'int' への変換です。データが失われる可能性があります。
ShootEnemy.cpp(103): warning C4244: '引数': 'double' から 'int' への変換です。データが失われる可能性があります。
ShootEnemy.cpp(105): warning C4244: '引数': 'double' から 'int' への変換です。データが失われる可能性があります。
  ShootLaser.cpp
ShootLaser.cpp(61): warning C4244: '引数': 'double' から 'int' への変換です。データが失われる可能性があります。
ShootLaser.cpp(65): warning C4244: '=': 'double' から 'int' への変換です。データが失われる可能性があります。
ShootLaser.cpp(66): warning C4244: '=': 'double' から 'int' への変換です。データが失われる可能性があります。
ShootLaser.cpp(73): warning C4244: '引数': 'double' から 'int' への変換です。データが失われる可能性があります。
ShootLaser.cpp(82): warning C4244: '=': 'double' から 'int' への変換です。データが失われる可能性があります。
ShootLaser.cpp(83): warning C4244: '=': 'double' から 'int' への変換です。データが失われる可能性があります。
  Sound.cpp
  コンパイル中...
  Stage.cpp
Stage.cpp(48): warning C4244: '-=': 'double' から 'int' への変換です。データが失われる可能性があります。
Stage.cpp(59): warning C4244: '=': 'double' から 'int' への変換です。データが失われる可能性があります。
Stage.cpp(63): warning C4244: '+=': 'double' から 'int' への変換です。データが失われる可能性があります。
  ThornBlock.cpp
ThornBlock.cpp(31): warning C4244: '引数': 'double' から 'int' への変換です。データが失われる可能性があります。
  Turtle.cpp
Turtle.cpp(40): warning C4244: '+=': 'double' から 'int' への変換です。データが失われる可能性があります。
Turtle.cpp(116): warning C4244: '引数': 'double' から 'int' への変換です。データが失われる可能性があります。
Turtle.cpp(118): warning C4244: '引数': 'double' から 'int' への変換です。データが失われる可能性があります。
Turtle.cpp(125): warning C4244: '引数': 'double' から 'int' への変換です。データが失われる可能性があります。
Turtle.cpp(127): warning C4244: '引数': 'double' から 'int' への変換です。データが失われる可能性があります。
  UpDownObject.cpp
UpDownObject.cpp(50): warning C4244: '引数': 'double' から 'int' への変換です。データが失われる可能性があります。
  WalkEnemy.cpp
WalkEnemy.cpp(57): warning C4244: '+=': 'double' から 'int' への変換です。データが失われる可能性があります。
WalkEnemy.cpp(77): warning C4244: '引数': 'double' から 'int' への変換です。データが失われる可能性があります。
WalkEnemy.cpp(79): warning C4244: '引数': 'double' から 'int' への変換です。データが失われる可能性があります。
  main.cpp
  コード生成しています。
  28 of 956 functions ( 2.9%) were compiled, the rest were copied from previous compilation.
    0 functions were new in current compilation
    11 functions had inline decision re-evaluated but remain unchanged
  コード生成が終了しました。
  ActionGame_ver2017.vcxproj -> C:\Users\tosim\Desktop\game_make\ActionGame_ver2017\Release\ActionGame_ver2017.exe
