c:\users\tosim\desktop\game_make\actiongame_ver2017\release\actiongame_ver2017.ipdb
c:\users\tosim\desktop\game_make\actiongame_ver2017\release\actiongame_ver2017.iobj
c:\users\tosim\desktop\game_make\actiongame_ver2017\actiongame_ver2017\release\vc141.pdb
c:\users\tosim\desktop\game_make\actiongame_ver2017\actiongame_ver2017\release\rope.obj
c:\users\tosim\desktop\game_make\actiongame_ver2017\actiongame_ver2017\release\rect.obj
c:\users\tosim\desktop\game_make\actiongame_ver2017\actiongame_ver2017\release\player.obj
c:\users\tosim\desktop\game_make\actiongame_ver2017\actiongame_ver2017\release\object.obj
c:\users\tosim\desktop\game_make\actiongame_ver2017\actiongame_ver2017\release\mob.obj
c:\users\tosim\desktop\game_make\actiongame_ver2017\actiongame_ver2017\release\map.obj
c:\users\tosim\desktop\game_make\actiongame_ver2017\actiongame_ver2017\release\main.obj
c:\users\tosim\desktop\game_make\actiongame_ver2017\actiongame_ver2017\release\lift.obj
c:\users\tosim\desktop\game_make\actiongame_ver2017\actiongame_ver2017\release\jump.obj
c:\users\tosim\desktop\game_make\actiongame_ver2017\actiongame_ver2017\release\hanmerthrow.obj
c:\users\tosim\desktop\game_make\actiongame_ver2017\actiongame_ver2017\release\hanmer.obj
c:\users\tosim\desktop\game_make\actiongame_ver2017\actiongame_ver2017\release\ghost.obj
c:\users\tosim\desktop\game_make\actiongame_ver2017\actiongame_ver2017\release\flashblock.obj
c:\users\tosim\desktop\game_make\actiongame_ver2017\actiongame_ver2017\release\firebar.obj
c:\users\tosim\desktop\game_make\actiongame_ver2017\actiongame_ver2017\release\fireball.obj
c:\users\tosim\desktop\game_make\actiongame_ver2017\actiongame_ver2017\release\fence.obj
c:\users\tosim\desktop\game_make\actiongame_ver2017\actiongame_ver2017\release\fallwall.obj
c:\users\tosim\desktop\game_make\actiongame_ver2017\actiongame_ver2017\release\coin.obj
c:\users\tosim\desktop\game_make\actiongame_ver2017\actiongame_ver2017\release\circle.obj
c:\users\tosim\desktop\game_make\actiongame_ver2017\actiongame_ver2017\release\bullettowardplayer.obj
c:\users\tosim\desktop\game_make\actiongame_ver2017\actiongame_ver2017\release\walkenemy.obj
c:\users\tosim\desktop\game_make\actiongame_ver2017\actiongame_ver2017\release\updownobject.obj
c:\users\tosim\desktop\game_make\actiongame_ver2017\actiongame_ver2017\release\turtle.obj
c:\users\tosim\desktop\game_make\actiongame_ver2017\actiongame_ver2017\release\thornblock.obj
c:\users\tosim\desktop\game_make\actiongame_ver2017\actiongame_ver2017\release\stage.obj
c:\users\tosim\desktop\game_make\actiongame_ver2017\actiongame_ver2017\release\sound.obj
c:\users\tosim\desktop\game_make\actiongame_ver2017\actiongame_ver2017\release\shootlaser.obj
c:\users\tosim\desktop\game_make\actiongame_ver2017\actiongame_ver2017\release\shootenemy.obj
c:\users\tosim\desktop\game_make\actiongame_ver2017\release\actiongame_ver2017.exe
c:\users\tosim\desktop\game_make\actiongame_ver2017\release\actiongame_ver2017.pdb
c:\users\tosim\desktop\game_make\actiongame_ver2017\actiongame_ver2017\release\actionga.f7d36982.tlog\actiongame_ver2017.write.1u.tlog
c:\users\tosim\desktop\game_make\actiongame_ver2017\actiongame_ver2017\release\actionga.f7d36982.tlog\cl.command.1.tlog
c:\users\tosim\desktop\game_make\actiongame_ver2017\actiongame_ver2017\release\actionga.f7d36982.tlog\cl.read.1.tlog
c:\users\tosim\desktop\game_make\actiongame_ver2017\actiongame_ver2017\release\actionga.f7d36982.tlog\cl.write.1.tlog
c:\users\tosim\desktop\game_make\actiongame_ver2017\actiongame_ver2017\release\actionga.f7d36982.tlog\link.command.1.tlog
c:\users\tosim\desktop\game_make\actiongame_ver2017\actiongame_ver2017\release\actionga.f7d36982.tlog\link.read.1.tlog
c:\users\tosim\desktop\game_make\actiongame_ver2017\actiongame_ver2017\release\actionga.f7d36982.tlog\link.write.1.tlog
