c:\users\tosim\desktop\game_make\actiongame_ver2017\actiongame_ver2017\debug\vc141.pdb
c:\users\tosim\desktop\game_make\actiongame_ver2017\actiongame_ver2017\debug\vc141.idb
c:\users\tosim\desktop\game_make\actiongame_ver2017\actiongame_ver2017\debug\circle.nativecodeanalysis.xml
c:\users\tosim\desktop\game_make\actiongame_ver2017\actiongame_ver2017\debug\coin.nativecodeanalysis.xml
c:\users\tosim\desktop\game_make\actiongame_ver2017\actiongame_ver2017\debug\fireball.nativecodeanalysis.xml
c:\users\tosim\desktop\game_make\actiongame_ver2017\actiongame_ver2017\debug\firebar.nativecodeanalysis.xml
c:\users\tosim\desktop\game_make\actiongame_ver2017\actiongame_ver2017\debug\flashblock.nativecodeanalysis.xml
c:\users\tosim\desktop\game_make\actiongame_ver2017\actiongame_ver2017\debug\jump.nativecodeanalysis.xml
c:\users\tosim\desktop\game_make\actiongame_ver2017\actiongame_ver2017\debug\lift.nativecodeanalysis.xml
c:\users\tosim\desktop\game_make\actiongame_ver2017\actiongame_ver2017\debug\main.nativecodeanalysis.xml
c:\users\tosim\desktop\game_make\actiongame_ver2017\actiongame_ver2017\debug\map.nativecodeanalysis.xml
c:\users\tosim\desktop\game_make\actiongame_ver2017\actiongame_ver2017\debug\mob.nativecodeanalysis.xml
c:\users\tosim\desktop\game_make\actiongame_ver2017\actiongame_ver2017\debug\object.nativecodeanalysis.xml
c:\users\tosim\desktop\game_make\actiongame_ver2017\actiongame_ver2017\debug\player.nativecodeanalysis.xml
c:\users\tosim\desktop\game_make\actiongame_ver2017\actiongame_ver2017\debug\rect.nativecodeanalysis.xml
c:\users\tosim\desktop\game_make\actiongame_ver2017\actiongame_ver2017\debug\rope.nativecodeanalysis.xml
c:\users\tosim\desktop\game_make\actiongame_ver2017\actiongame_ver2017\debug\shootenemy.nativecodeanalysis.xml
c:\users\tosim\desktop\game_make\actiongame_ver2017\actiongame_ver2017\debug\shootlaser.nativecodeanalysis.xml
c:\users\tosim\desktop\game_make\actiongame_ver2017\actiongame_ver2017\debug\sound.nativecodeanalysis.xml
c:\users\tosim\desktop\game_make\actiongame_ver2017\actiongame_ver2017\debug\stage.nativecodeanalysis.xml
c:\users\tosim\desktop\game_make\actiongame_ver2017\actiongame_ver2017\debug\updownobject.nativecodeanalysis.xml
c:\users\tosim\desktop\game_make\actiongame_ver2017\actiongame_ver2017\debug\walkenemy.nativecodeanalysis.xml
c:\users\tosim\desktop\game_make\actiongame_ver2017\actiongame_ver2017\debug\walkenemy.obj
c:\users\tosim\desktop\game_make\actiongame_ver2017\actiongame_ver2017\debug\updownobject.obj
c:\users\tosim\desktop\game_make\actiongame_ver2017\actiongame_ver2017\debug\stage.obj
c:\users\tosim\desktop\game_make\actiongame_ver2017\actiongame_ver2017\debug\sound.obj
c:\users\tosim\desktop\game_make\actiongame_ver2017\actiongame_ver2017\debug\shootlaser.obj
c:\users\tosim\desktop\game_make\actiongame_ver2017\actiongame_ver2017\debug\shootenemy.obj
c:\users\tosim\desktop\game_make\actiongame_ver2017\actiongame_ver2017\debug\rope.obj
c:\users\tosim\desktop\game_make\actiongame_ver2017\actiongame_ver2017\debug\rect.obj
c:\users\tosim\desktop\game_make\actiongame_ver2017\actiongame_ver2017\debug\player.obj
c:\users\tosim\desktop\game_make\actiongame_ver2017\actiongame_ver2017\debug\object.obj
c:\users\tosim\desktop\game_make\actiongame_ver2017\actiongame_ver2017\debug\mob.obj
c:\users\tosim\desktop\game_make\actiongame_ver2017\actiongame_ver2017\debug\map.obj
c:\users\tosim\desktop\game_make\actiongame_ver2017\actiongame_ver2017\debug\main.obj
c:\users\tosim\desktop\game_make\actiongame_ver2017\actiongame_ver2017\debug\lift.obj
c:\users\tosim\desktop\game_make\actiongame_ver2017\actiongame_ver2017\debug\jump.obj
c:\users\tosim\desktop\game_make\actiongame_ver2017\actiongame_ver2017\debug\flashblock.obj
c:\users\tosim\desktop\game_make\actiongame_ver2017\actiongame_ver2017\debug\firebar.obj
c:\users\tosim\desktop\game_make\actiongame_ver2017\actiongame_ver2017\debug\coin.obj
c:\users\tosim\desktop\game_make\actiongame_ver2017\actiongame_ver2017\debug\circle.obj
c:\users\tosim\desktop\game_make\actiongame_ver2017\actiongame_ver2017\debug\bullettowardplayer.nativecodeanalysis.xml
c:\users\tosim\desktop\game_make\actiongame_ver2017\actiongame_ver2017\debug\bullettowardplayer.obj
c:\users\tosim\desktop\game_make\actiongame_ver2017\actiongame_ver2017\debug\fireball.obj
c:\users\tosim\desktop\game_make\actiongame_ver2017\actiongame_ver2017\debug\fallwall.obj
c:\users\tosim\desktop\game_make\actiongame_ver2017\actiongame_ver2017\debug\turtle.obj
c:\users\tosim\desktop\game_make\actiongame_ver2017\actiongame_ver2017\debug\hanmerthrow.obj
c:\users\tosim\desktop\game_make\actiongame_ver2017\actiongame_ver2017\debug\hanmer.obj
c:\users\tosim\desktop\game_make\actiongame_ver2017\actiongame_ver2017\debug\ghost.obj
c:\users\tosim\desktop\game_make\actiongame_ver2017\actiongame_ver2017\debug\thornblock.obj
c:\users\tosim\desktop\game_make\actiongame_ver2017\actiongame_ver2017\debug\fence.obj
c:\users\tosim\desktop\game_make\actiongame_ver2017\debug\actiongame_ver2017.exe
c:\users\tosim\desktop\game_make\actiongame_ver2017\debug\actiongame_ver2017.ilk
c:\users\tosim\desktop\game_make\actiongame_ver2017\debug\actiongame_ver2017.pdb
c:\users\tosim\desktop\game_make\actiongame_ver2017\actiongame_ver2017\debug\player.obj.enc
c:\users\tosim\desktop\game_make\actiongame_ver2017\actiongame_ver2017\debug\rope.obj.enc
c:\users\tosim\desktop\game_make\actiongame_ver2017\actiongame_ver2017\debug\walkenemy.obj.enc
c:\users\tosim\desktop\game_make\actiongame_ver2017\actiongame_ver2017\debug\nativecodeanalysis.read.1.tlog
c:\users\tosim\desktop\game_make\actiongame_ver2017\actiongame_ver2017\debug\vc.nativecodeanalysis.all.xml
c:\users\tosim\desktop\game_make\actiongame_ver2017\debug\actiongame_ver2017.exe.lastcodeanalysissucceeded
c:\users\tosim\desktop\game_make\actiongame_ver2017\actiongame_ver2017\debug\actionga.f7d36982.tlog\cl.command.1.tlog
c:\users\tosim\desktop\game_make\actiongame_ver2017\actiongame_ver2017\debug\actionga.f7d36982.tlog\cl.read.1.tlog
c:\users\tosim\desktop\game_make\actiongame_ver2017\actiongame_ver2017\debug\actionga.f7d36982.tlog\cl.write.1.tlog
c:\users\tosim\desktop\game_make\actiongame_ver2017\actiongame_ver2017\debug\actionga.f7d36982.tlog\link.command.1.tlog
c:\users\tosim\desktop\game_make\actiongame_ver2017\actiongame_ver2017\debug\actionga.f7d36982.tlog\link.read.1.tlog
c:\users\tosim\desktop\game_make\actiongame_ver2017\actiongame_ver2017\debug\actionga.f7d36982.tlog\link.write.1.tlog
