e:\actiongame2\2dgame2019\actiongame\debug\vc142.pdb
e:\actiongame2\2dgame2019\actiongame\debug\vc142.idb
e:\actiongame2\2dgame2019\actiongame\debug\object.obj
e:\actiongame2\2dgame2019\actiongame\debug\mob.obj
e:\actiongame2\2dgame2019\actiongame\debug\map.obj
e:\actiongame2\2dgame2019\actiongame\debug\main.obj
e:\actiongame2\2dgame2019\actiongame\debug\lift.obj
e:\actiongame2\2dgame2019\actiongame\debug\jump.obj
e:\actiongame2\2dgame2019\actiongame\debug\hanmerthrow.obj
e:\actiongame2\2dgame2019\actiongame\debug\hanmer.obj
e:\actiongame2\2dgame2019\actiongame\debug\ghost.obj
e:\actiongame2\2dgame2019\actiongame\debug\gardeneel.obj
e:\actiongame2\2dgame2019\actiongame\debug\flashblock.obj
e:\actiongame2\2dgame2019\actiongame\debug\fish.obj
e:\actiongame2\2dgame2019\actiongame\debug\firebar.obj
e:\actiongame2\2dgame2019\actiongame\debug\fireball.obj
e:\actiongame2\2dgame2019\actiongame\debug\fence.obj
e:\actiongame2\2dgame2019\actiongame\debug\fallwall.obj
e:\actiongame2\2dgame2019\actiongame\debug\crab.obj
e:\actiongame2\2dgame2019\actiongame\debug\coin.obj
e:\actiongame2\2dgame2019\actiongame\debug\circle.obj
e:\actiongame2\2dgame2019\actiongame\debug\bullettowardplayer.obj
e:\actiongame2\2dgame2019\actiongame\debug\walkenemy.obj
e:\actiongame2\2dgame2019\actiongame\debug\updownobject.obj
e:\actiongame2\2dgame2019\actiongame\debug\turtlewithwing.obj
e:\actiongame2\2dgame2019\actiongame\debug\turtle.obj
e:\actiongame2\2dgame2019\actiongame\debug\thornblock.obj
e:\actiongame2\2dgame2019\actiongame\debug\stage.obj
e:\actiongame2\2dgame2019\actiongame\debug\sound.obj
e:\actiongame2\2dgame2019\actiongame\debug\shootlaser.obj
e:\actiongame2\2dgame2019\actiongame\debug\shootenemy.obj
e:\actiongame2\2dgame2019\actiongame\debug\ship.obj
e:\actiongame2\2dgame2019\actiongame\debug\seaweed.obj
e:\actiongame2\2dgame2019\actiongame\debug\rope.obj
e:\actiongame2\2dgame2019\actiongame\debug\rect.obj
e:\actiongame2\2dgame2019\actiongame\debug\player.obj
e:\actiongame2\2dgame2019\actiongame\debug\polarbear.obj
e:\actiongame2\2dgame2019\actiongame\debug\actiongame.exe
e:\actiongame2\2dgame2019\actiongame\debug\actiongame.ilk
e:\actiongame2\2dgame2019\actiongame\debug\actiongame.pdb
e:\actiongame2\2dgame2019\actiongame\debug\actiongame.res
e:\actiongame2\2dgame2019\actiongame\debug\sea.obj
e:\actiongame2\2dgame2019\actiongame\debug\vc141.idb
e:\actiongame2\2dgame2019\actiongame\debug\vc141.pdb
e:\actiongame2\2dgame2019\actiongame\debug\actiongame.tlog\cl.command.1.tlog
e:\actiongame2\2dgame2019\actiongame\debug\actiongame.tlog\cl.read.1.tlog
e:\actiongame2\2dgame2019\actiongame\debug\actiongame.tlog\cl.write.1.tlog
e:\actiongame2\2dgame2019\actiongame\debug\actiongame.tlog\link.command.1.tlog
e:\actiongame2\2dgame2019\actiongame\debug\actiongame.tlog\link.read.1.tlog
e:\actiongame2\2dgame2019\actiongame\debug\actiongame.tlog\link.write.1.tlog
e:\actiongame2\2dgame2019\actiongame\debug\actiongame.tlog\rc.command.1.tlog
e:\actiongame2\2dgame2019\actiongame\debug\actiongame.tlog\rc.read.1.tlog
e:\actiongame2\2dgame2019\actiongame\debug\actiongame.tlog\rc.write.1.tlog
